{
  "stats": {
    "suites": 1,
    "tests": 1,
    "passes": 1,
    "pending": 0,
    "failures": 0,
    "start": "2022-06-20T19:48:40.338Z",
    "end": "2022-06-20T19:48:54.224Z",
    "duration": 13886,
    "testsRegistered": 1,
    "passPercent": 100,
    "pendingPercent": 0,
    "other": 0,
    "hasOther": false,
    "skipped": 0,
    "hasSkipped": false
  },
  "results": [
    {
      "uuid": "07de54d8-d441-4138-8829-b5604e4886da",
      "title": "",
      "fullFile": "cypress/e2e/assestsTest/loadAssest.cy.js",
      "file": "cypress/e2e/assestsTest/loadAssest.cy.js",
      "beforeHooks": [],
      "afterHooks": [],
      "tests": [],
      "suites": [
        {
          "uuid": "f49b9bfd-1f4b-4aec-b2e8-94d937104500",
          "title": "Assets page",
          "fullFile": "",
          "file": "",
          "beforeHooks": [],
          "afterHooks": [],
          "tests": [
            {
              "title": "should verify that user can access asset page",
              "fullTitle": "Assets page should verify that user can access asset page",
              "timedOut": null,
              "duration": 13807,
              "state": "passed",
              "speed": "slow",
              "pass": true,
              "fail": false,
              "pending": false,
              "context": null,
              "code": "assets.getSpace(\"Your first space\");\nassets.getAssets();\nassets.assertPage();",
              "err": {},
              "uuid": "12da48cf-add7-48e8-bc56-20c86fc98ba6",
              "parentUUID": "f49b9bfd-1f4b-4aec-b2e8-94d937104500",
              "isHook": false,
              "skipped": false
            }
          ],
          "suites": [],
          "passes": [
            "12da48cf-add7-48e8-bc56-20c86fc98ba6"
          ],
          "failures": [],
          "pending": [],
          "skipped": [],
          "duration": 13807,
          "root": false,
          "rootEmpty": false,
          "_timeout": 2000
        }
      ],
      "passes": [],
      "failures": [],
      "pending": [],
      "skipped": [],
      "duration": 0,
      "root": true,
      "rootEmpty": true,
      "_timeout": 2000
    }
  ],
  "meta": {
    "mocha": {
      "version": "7.0.1"
    },
    "mochawesome": {
      "options": {
        "quiet": false,
        "reportFilename": "mochawesome",
        "saveHtml": true,
        "saveJson": true,
        "consoleReporter": "spec",
        "useInlineDiffs": false,
        "code": true
      },
      "version": "7.1.3"
    },
    "marge": {
      "options": null,
      "version": "6.2.0"
    }
  }
}